<?xml version="1.0" encoding="UTF-8"?>
<testng-results ignored="0" total="1" passed="1" failed="0" skipped="0">
  <reporter-output>
  </reporter-output>
  <suite started-at="2019-12-03T23:26:07Z" name="Default suite" finished-at="2019-12-03T23:26:08Z" duration-ms="34">
    <groups>
    </groups>
    <test started-at="2019-12-03T23:26:07Z" name="Default test" finished-at="2019-12-03T23:26:08Z" duration-ms="34">
      <class name="Example1TestNG.Example1">
        <test-method signature="sample1()[pri:0, instance:Example1TestNG.Example1@41a2befb]" started-at="2019-12-03T23:26:08Z" name="sample1" finished-at="2019-12-03T23:26:08Z" duration-ms="10" status="PASS">
          <reporter-output>
          </reporter-output>
        </test-method> <!-- sample1 -->
      </class> <!-- Example1TestNG.Example1 -->
    </test> <!-- Default test -->
  </suite> <!-- Default suite -->
</testng-results>
